<?xml version="1.0" encoding="UTF-8"?>
<!-- Generated by org.testng.reporters.JUnitReportReporter -->
<testsuite skipped="3" hostname="LTIN299889" name="testNg.secondTestNG" tests="6" failures="0" timestamp="06 Aug 2023 15:37:19 GMT" time="0.014" errors="0">
  <testcase name="play" time="0.002" classname="testNg.secondTestNG"/>
  <testcase name="play" time="0.010" classname="testNg.secondTestNG"/>
  <testcase name="playzz2" time="0.002" classname="testNg.secondTestNG"/>
  <testcase name="eatzz" classname="testNg.secondTestNG">
    <skipped/>
  </testcase> <!-- eatzz -->
  <testcase name="playzz1" classname="testNg.secondTestNG">
    <skipped/>
  </testcase> <!-- playzz1 -->
  <testcase name="playzz" classname="testNg.secondTestNG">
    <skipped/>
  </testcase> <!-- playzz -->
</testsuite> <!-- testNg.secondTestNG -->
