<?xml version="1.0" encoding="UTF-8"?>
<!-- Generated by org.testng.reporters.JUnitReportReporter -->
<testsuite skipped="0" hostname="LTIN299889" name="testNg.runnerTestNG" tests="1" failures="0" timestamp="06 Aug 2023 15:37:19 GMT" time="0.010" errors="0">
  <testcase name="dispaly" time="0.010" classname="testNg.runnerTestNG"/>
</testsuite> <!-- testNg.runnerTestNG -->
