<?xml version="1.0" encoding="UTF-8"?>
<!-- Generated by org.testng.reporters.JUnitReportReporter -->
<testsuite skipped="0" hostname="LTIN299889" name="cucumber_TestNg.runner" tests="2" failures="0" timestamp="15 Aug 2023 08:53:47 GMT" time="42.438" errors="0">
  <testcase name="runScenario" time="21.008" classname="cucumber_TestNg.runner"/>
  <testcase name="runScenario" time="21.430" classname="cucumber_TestNg.runner"/>
</testsuite> <!-- cucumber_TestNg.runner -->
