<?xml version="1.0" encoding="UTF-8"?>
<!-- Generated by org.testng.reporters.JUnitReportReporter -->
<testsuite skipped="0" hostname="LTIN299889" name="cucumber_Junit.ordersAnno" tests="1" failures="0" timestamp="30 Nov 2023 08:11:48 GMT" time="0.013" errors="0">
  <testcase name="test" time="0.013" classname="cucumber_Junit.ordersAnno"/>
</testsuite> <!-- cucumber_Junit.ordersAnno -->
